Arguments: 
  /usr/local/bin/node /opt/homebrew/Cellar/yarn/1.22.17/libexec/bin/yarn.js

PATH: 
  /opt/homebrew/bin:/opt/homebrew/sbin:/usr/local/bin:/usr/bin:/bin:/usr/sbin:/sbin:/opt/homebrew/bin:/opt/homebrew/sbin

Yarn version: 
  1.22.17

Node version: 
  14.18.2

Platform: 
  darwin x64

Trace: 
  Error: ENOENT: no such file or directory, copyfile '/Users/liguochen/Library/Caches/Yarn/v6/npm-ansi-regex-4.1.1-164daac87ab2d6f6db3a29875e2d1766582dabed-integrity/node_modules/ansi-regex/index.js' -> '/Users/liguochen/project/AgoraMultiCall/node_modules/@jest/core/node_modules/ansi-regex/index.js'

npm manifest: 
  {
    "name": "一键直连测试Demo",
    "version": "0.1.0",
    "private": true,
    "scripts": {
      "serve": "vue-cli-service serve --https",
      "build": "vue-cli-service build",
      "test:unit": "vue-cli-service test:unit",
      "lint": "vue-cli-service lint"
    },
    "dependencies": {
      "agora-rtc-sdk-ng": "^4.4.0",
      "agora-rtc-vue": "^0.2.45",
      "core-js": "^3.6.5",
      "vue": "^2.6.11",
      "vue-router": "^3.2.0",
      "vuex": "3.1.0",
       "jsencrypt": "^3.2.1",
       "element-ui": "^2.15.6"
    },
    "devDependencies": {
      "@vue/cli-plugin-babel": "~4.5.0",
      "@vue/cli-plugin-eslint": "~4.5.0",
      "@vue/cli-plugin-router": "~4.5.0",
      "@vue/cli-plugin-unit-jest": "~4.5.0",
      "@vue/cli-service": "~4.5.0",
      "@vue/eslint-config-prettier": "^6.0.0",
      "@vue/test-utils": "^1.0.3",
      "babel-eslint": "^10.1.0",
      "eslint": "^8.15.0",
      "eslint-plugin-prettier": "^3.1.3",
      "eslint-plugin-vue": "^6.2.2",
      "prettier": "^1.19.1",
      "stylus": "^0.54.7",
      "stylus-loader": "^3.0.2",
      "vue-template-compiler": "^2.6.11",
       "sass": "1.26.2",
      "sass-loader": "8.0.2"
    }
  }

yarn manifest: 
  No manifest

Lockfile: 
  No lockfile
